# JRE version: Java(TM) SE Runtime Environment (12.0.2+10) (build 12.0.2+10)
# Java VM: Java HotSpot(TM) 64-Bit Server VM (12.0.2+10, mixed mode, sharing, tiered, compressed oops, g1 gc, windows-amd64)
Heap:
 garbage-first heap   total 233472K, used 44794K [0x00000000c1c00000, 0x0000000100000000)
  region size 1024K, 11 young (11264K), 2 survivors (2048K)
 Metaspace       used 35849K, capacity 36912K, committed 37244K, reserved 1081344K
  class space    used 4408K, capacity 4637K, committed 4732K, reserved 1048576K
GC Heap History (10 events):
Event: 45.855 GC heap before
{Heap before GC invocations=26 (full 0):
 garbage-first heap   total 84992K, used 36575K [0x00000000c1c00000, 0x0000000100000000)
  region size 1024K, 4 young (4096K), 1 survivors (1024K)
 Metaspace       used 29310K, capacity 30470K, committed 30844K, reserved 1077248K
  class space    used 3615K, capacity 3837K, committed 3964K, reserved 1048576K
}
Event: 45.858 GC heap after
{Heap after GC invocations=27 (full 0):
 garbage-first heap   total 84992K, used 34801K [0x00000000c1c00000, 0x0000000100000000)
  region size 1024K, 1 young (1024K), 1 survivors (1024K)
 Metaspace       used 29310K, capacity 30470K, committed 30844K, reserved 1077248K
  class space    used 3615K, capacity 3837K, committed 3964K, reserved 1048576K
}
Event: 48.313 GC heap before
{Heap before GC invocations=27 (full 0):
 garbage-first heap   total 84992K, used 36849K [0x00000000c1c00000, 0x0000000100000000)
  region size 1024K, 4 young (4096K), 1 survivors (1024K)
 Metaspace       used 29959K, capacity 31078K, committed 31356K, reserved 1077248K
  class space    used 3724K, capacity 3933K, committed 3964K, reserved 1048576K
}
Event: 49.220 GC heap after
{Heap after GC invocations=28 (full 0):
 garbage-first heap   total 84992K, used 35209K [0x00000000c1c00000, 0x0000000100000000)
  region size 1024K, 1 young (1024K), 1 survivors (1024K)
 Metaspace       used 29959K, capacity 31078K, committed 31356K, reserved 1077248K
  class space    used 3724K, capacity 3933K, committed 3964K, reserved 1048576K
}
Event: 51.608 GC heap before
{Heap before GC invocations=28 (full 0):
 garbage-first heap   total 84992K, used 37257K [0x00000000c1c00000, 0x0000000100000000)
  region size 1024K, 4 young (4096K), 1 survivors (1024K)
 Metaspace       used 30748K, capacity 31852K, committed 31996K, reserved 1077248K
  class space    used 3853K, capacity 4063K, committed 4092K, reserved 1048576K
}
Event: 51.628 GC heap after
{Heap after GC invocations=29 (full 0):
 garbage-first heap   total 84992K, used 35526K [0x00000000c1c00000, 0x0000000100000000)
  region size 1024K, 1 young (1024K), 1 survivors (1024K)
 Metaspace       used 30748K, capacity 31852K, committed 31996K, reserved 1077248K
  class space    used 3853K, capacity 4063K, committed 4092K, reserved 1048576K
}
Event: 52.380 GC heap before
{Heap before GC invocations=29 (full 0):
 garbage-first heap   total 84992K, used 38598K [0x00000000c1c00000, 0x0000000100000000)
  region size 1024K, 4 young (4096K), 1 survivors (1024K)
 Metaspace       used 31174K, capacity 32268K, committed 32636K, reserved 1077248K
  class space    used 3896K, capacity 4095K, committed 4220K, reserved 1048576K
}
Event: 52.410 GC heap after
{Heap after GC invocations=30 (full 0):
 garbage-first heap   total 233472K, used 36209K [0x00000000c1c00000, 0x0000000100000000)
  region size 1024K, 1 young (1024K), 1 survivors (1024K)
 Metaspace       used 31174K, capacity 32268K, committed 32636K, reserved 1077248K
  class space    used 3896K, capacity 4095K, committed 4220K, reserved 1048576K
}
Event: 61.024 GC heap before
{Heap before GC invocations=30 (full 0):
 garbage-first heap   total 233472K, used 45425K [0x00000000c1c00000, 0x0000000100000000)
  region size 1024K, 11 young (11264K), 1 survivors (1024K)
 Metaspace       used 34087K, capacity 35133K, committed 35452K, reserved 1081344K
  class space    used 4206K, capacity 4427K, committed 4476K, reserved 1048576K
}
Event: 62.819 GC heap after
{Heap after GC invocations=31 (full 0):
 garbage-first heap   total 233472K, used 36602K [0x00000000c1c00000, 0x0000000100000000)
  region size 1024K, 2 young (2048K), 2 survivors (2048K)
 Metaspace       used 34087K, capacity 35133K, committed 35452K, reserved 1081344K
  class space    used 4206K, capacity 4427K, committed 4476K, reserved 1048576K
}

